<?xml version="1.0" encoding="UTF-8"?>
<!-- Generated by org.testng.reporters.JUnitReportReporter -->
<testsuite hostname="EC2AMAZ-S11DBRH" failures="0" tests="2" name="runners.CRMRunner" time="0.161" errors="0" timestamp="2024-05-08T07:48:48 GMT" skipped="0">
  <testcase classname="runners.CRMRunner" name="runScenario" time="0.024"/>
  <system-out/>
  <testcase classname="runners.CRMRunner" name="runScenario" time="0.137"/>
  <system-out/>
</testsuite> <!-- runners.CRMRunner -->
